<?xml version="1.0" encoding="UTF-8" ?>
<testsuite errors="0" failures="0" hostname="fv-az95" name="org.modelingvalue.collections.test.SetTest" skipped="0" tests="7" time="31.368" timestamp="2019-11-26T13:12:54">
  <properties>
[...]
</properties>
  <testcase classname="org.modelingvalue.collections.test.SetTest" name="equalHashesTest" time="0.001" />
  <testcase classname="org.modelingvalue.collections.test.SetTest" name="subsetTest" time="2.786" />
  <testcase classname="org.modelingvalue.collections.test.SetTest" name="bigTest" time="7.644" />
  <testcase classname="org.modelingvalue.collections.test.SetTest" name="test" time="0.003" />
  <testcase classname="org.modelingvalue.collections.test.SetTest" name="merge" time="0.009" />
  <testcase classname="org.modelingvalue.collections.test.SetTest" name="randomtest" time="13.411" />
  <testcase classname="org.modelingvalue.collections.test.SetTest" name="equaltest" time="7.511" />
  <system-out><![CDATA[]]></system-out>
  <system-err><![CDATA[9.223372036854741E25 / 10000000 = 9.223372036854741E18
Set[aap,jet,mies,noot,teun]
Set[aap,jet,mies,noot,teun]

[Set[-2000,-1900,-1800], null]
[null, Set[1800,1900,2000]]

[Set[20], null]

[null, Set[10]]
[Set[0], null]
[Set[30], null]
[Set[40], null]
[null, Set[-100,-99,-98,-70]]

[Set[0], null]
[null, Set[10]]
[Set[30], null]
[null, Set[70,98,99,100]]

[Set[20], null]
[Set[21], null]
[Set[22], null]
[Set[23], null]
[Set[24], null]
[Set[25], null]
[Set[26], null]
[Set[27], null]
[Set[28], null]
[Set[29], null]
[Set[30], null]
[Set[31], null]
[Set[32], null]
[Set[33], null]
[Set[34], null]
[Set[35], null]
[Set[36], null]
[Set[37], null]
[Set[38], null]
[Set[39], null]
[null, Set[100]]
[null, Set[101]]
[null, Set[102]]
[null, Set[103]]
[null, Set[104]]
[null, Set[105]]
[null, Set[106]]
[null, Set[107]]
[null, Set[108]]
[null, Set[109]]
[null, Set[110]]
[null, Set[111]]
[null, Set[112]]
[null, Set[113]]
[null, Set[114]]
[null, Set[115]]
[null, Set[116]]
[null, Set[117]]
[null, Set[118]]
[null, Set[119]]

[null, Set[10]]
[Set[0], null]
[Set[1], null]
[Set[2], null]
[Set[3], null]
[Set[4], null]
[Set[5], null]
[Set[6], null]
[Set[7], null]
[Set[8], null]
[Set[9], null]
1st equals run = 117
2nd equals run = 0
]]></system-err>
</testsuite>
